11.062232
determinant: 0
diag sum: 2988
11.055288
determinant: 0
diag sum: 2988
11.075362
determinant: 0
diag sum: 2988
11.063690
determinant: 0
diag sum: 2988
11.073652
determinant: 0
diag sum: 2988
11.070187
determinant: 0
diag sum: 2988
11.067820
determinant: 0
diag sum: 2988
11.097391
determinant: 0
diag sum: 2988
11.083220
determinant: 0
diag sum: 2988
11.096954
determinant: 0
diag sum: 2988
11.101374
determinant: 0
diag sum: 2988
11.098000
determinant: 0
diag sum: 2988
11.104827
determinant: 0
diag sum: 2988
11.100610
determinant: 0
diag sum: 2988
11.104919
determinant: 0
diag sum: 2988
11.103379
determinant: 0
diag sum: 2988
11.103488
determinant: 0
diag sum: 2988
11.104789
determinant: 0
diag sum: 2988
11.141157
determinant: 0
diag sum: 2988
11.132619
determinant: 0
diag sum: 2988
